<?xml version="1.0" encoding="UTF-8"?>
<!-- Generated by org.testng.reporters.JUnitReportReporter -->
<testsuite skipped="0" hostname="DESKTOP-STISU0V" name="test.day4" tests="3" failures="0" timestamp="2020-12-03T12:36:09 IST" time="0.008" errors="0">
  <testcase name="MobileLoginHomeLoan" time="0.002" classname="test.day4"/>
  <testcase name="LoginAPIHomeLoan" time="0.003" classname="test.day4"/>
  <testcase name="WebLoginHomeLoan" time="0.003" classname="test.day4"/>
</testsuite> <!-- test.day4 -->
