<?xml version="1.0" encoding="UTF-8"?>
<!-- Generated by org.testng.reporters.JUnitReportReporter -->
<testsuite skipped="0" hostname="DESKTOP-STISU0V" name="test.day2" tests="1" failures="0" timestamp="2020-12-03T12:36:09 IST" time="0.027" errors="0">
  <testcase name="demo1" time="0.027" classname="test.day2"/>
</testsuite> <!-- test.day2 -->
