<?xml version="1.0" encoding="UTF-8"?>
<!-- Generated by org.testng.reporters.JUnitReportReporter -->
<testsuite skipped="0" hostname="DESKTOP-STISU0V" name="test.day1" tests="1" failures="0" timestamp="2020-12-02T23:28:05 IST" time="0.036" errors="0">
  <testcase name="demo" time="0.036" classname="test.day1"/>
</testsuite> <!-- test.day1 -->
