<?xml version="1.0" encoding="UTF-8"?>
<!-- Generated by org.testng.reporters.JUnitReportReporter -->
<testsuite skipped="1" hostname="DESKTOP-STISU0V" name="test.day5" tests="2" failures="0" timestamp="2020-12-03T21:04:00 IST" time="0.022" errors="0">
  <testcase name="Login" time="0.022" classname="test.day5"/>
  <testcase name="d" classname="test.day5">
    <skipped/>
  </testcase> <!-- d -->
</testsuite> <!-- test.day5 -->
