<?xml version="1.0" encoding="UTF-8"?>
<!-- Generated by org.testng.reporters.JUnitReportReporter -->
<testsuite skipped="0" hostname="DESKTOP-STISU0V" name="test.DataProviderEX" tests="3" failures="0" timestamp="2020-12-03T20:48:33 IST" time="0.037" errors="0">
  <testcase name="printData" time="0.018" classname="test.DataProviderEX"/>
  <testcase name="printData" time="0.004" classname="test.DataProviderEX"/>
  <testcase name="printData" time="0.015" classname="test.DataProviderEX"/>
</testsuite> <!-- test.DataProviderEX -->
