<?xml version="1.0" encoding="UTF-8"?>
<!-- Generated by org.testng.reporters.JUnitReportReporter -->
<testsuite skipped="0" hostname="DESKTOP-STISU0V" name="test.day3" tests="2" failures="0" timestamp="2020-12-03T21:04:00 IST" time="0.003" errors="0">
  <testcase name="LoginAPICarLoan" time="0.002" classname="test.day3"/>
  <testcase name="WebLoginCarLoan" time="0.001" classname="test.day3"/>
</testsuite> <!-- test.day3 -->
